<?xml version="1.0" encoding="UTF-8"?>
<!-- Generated by org.testng.reporters.JUnitReportReporter -->
<testsuite hostname="DESKTOP-TEBPBBT" failures="0" tests="1" name="Regression.LoginTest" time="23.128" errors="0" timestamp="2024-10-20T20:23:09 BST" skipped="0">
  <testcase classname="Regression.LoginTest" name="ValidateWithCorrectUN_PW" time="23.128"/>
</testsuite> <!-- Regression.LoginTest -->
